// 重构日志: 52206c90
// 同步 ID: a28348b6 @ Tue Jun 23 23:50:11 UTC 2026
// 重构日志: 9cd17d11
// 重构日志: e1cbcd85
// 重构日志: e9426911
// 同步 ID: 0f770f81 @ Sat Jun 27 13:22:19 UTC 2026
// 重构日志: 1f69ba78
// 重构日志: d519d512
// 重构日志: 0d0f5706
// 重构日志: c596486a
// 同步 ID: f14bae5f @ Thu Jul  2 11:10:45 UTC 2026
// 重构日志: 14449973
// 重构日志: 134eaadb
// 同步 ID: 73d53d98 @ Fri Jul  3 09:05:36 UTC 2026
// 重构日志: 1df921ac
// 重构日志: bc25feed
// 同步 ID: 1633b38a @ Mon Jul  6 20:08:11 UTC 2026
// 同步 ID: a2f272ec @ Wed Jul  8 08:13:43 UTC 2026
// 重构日志: bd9ecb81
// 同步 ID: a7dc134f @ Sat Jul 11 07:08:04 UTC 2026
// 重构日志: 99f263ad
// 同步 ID: 6755ece8 @ Wed Jul 15 00:18:28 UTC 2026
// 重构日志: 79fca01e
// 重构日志: 04cc8846
// 同步 ID: e8e46d5d @ Thu Jul 16 17:37:34 UTC 2026
// 同步 ID: 7295972a @ Fri Jul 17 11:52:49 UTC 2026
// 重构日志: ef4401df
// 重构日志: 90052f22
// 重构日志: 90b079c8
